<?xml version="1.0" encoding="UTF-8"?>
<testsuite name="Automatizacion de Api Rest" tests="2" skipped="0" failures="0" errors="0" timestamp="2022-08-08T00:07:04" hostname="LAPTOP-8HQPLN49" time="6.391">
  <properties/>
  <testcase name="Crear un usuario con metodo Post #1" classname="Automatizacion de Api Rest" time="5.744"/>
  <testcase name="Crear un usuario con metodo Post #2" classname="Automatizacion de Api Rest" time="0.647"/>
  <system-out><![CDATA[]]></system-out>
  <system-err><![CDATA[[Test worker] INFO io.cucumber.core.plugin.SerenityReporter - Running feature from file:///C:/Users/Maria%20Fernanda/Downloads/PruebaTecnicaLulo/src/test/resources/com/lulobank/features/create_employee.feature
[Test worker] INFO  - 
  _____   ___   ___   _____     ___   _____     _     ___   _____   ___   ___  
 |_   _| | __| / __| |_   _|   / __| |_   _|   /_\   | _ \ |_   _| | __| |   \ 
   | |   | _|  \__ \   | |     \__ \   | |    / _ \  |   /   | |   | _|  | |) |
   |_|   |___| |___/   |_|     |___/   |_|   /_/ \_\ |_|_\   |_|   |___| |___/ 

Crear un usuario con metodo Post(automatizacion-de-api-rest;crear-un-usuario-con-metodo-post)
--------------------------------------------------------------------------------
[Test worker] INFO  - ?[92m
  _____   ___   ___   _____     ___     _     ___   ___   ___   ___  
 |_   _| | __| / __| |_   _|   | _ \   /_\   / __| / __| | __| |   \ 
   | |   | _|  \__ \   | |     |  _/  / _ \  \__ \ \__ \ | _|  | |) |
   |_|   |___| |___/   |_|     |_|   /_/ \_\ |___/ |___/ |___| |___/ 

Crear un usuario con metodo Post
----------------------------------------------------------------------?[0m
[Test worker] INFO io.cucumber.core.plugin.SerenityReporter - Running feature from file:///C:/Users/Maria%20Fernanda/Downloads/PruebaTecnicaLulo/src/test/resources/com/lulobank/features/create_employee.feature
[Test worker] INFO  - ?[92m
  _____   ___   ___   _____     ___     _     ___   ___   ___   ___  
 |_   _| | __| / __| |_   _|   | _ \   /_\   / __| / __| | __| |   \ 
   | |   | _|  \__ \   | |     |  _/  / _ \  \__ \ \__ \ | _|  | |) |
   |_|   |___| |___/   |_|     |_|   /_/ \_\ |___/ |___/ |___| |___/ 

Crear un usuario con metodo Post
----------------------------------------------------------------------?[0m
]]></system-err>
</testsuite>
